<?xml version="1.0" ?>
<coverage version="7.6.8" timestamp="1744637672823" lines-valid="2417" lines-covered="2025" line-rate="0.8378" branches-valid="236" branches-covered="139" branch-rate="0.589" complexity="0">
	<!-- Generated by coverage.py: https://coverage.readthedocs.io/en/7.6.8 -->
	<!-- Based on https://raw.githubusercontent.com/cobertura/web/master/htdocs/xml/coverage-04.dtd -->
	<sources>
		<source>C:\Users\brink233\PhD_MvdB\3_Projects\11_pySWAP\pySWAP\pyswap</source>
	</sources>
	<packages>
		<package name="." line-rate="0.9" branch-rate="0.5" complexity="0">
			<classes>
				<class name="__init__.py" filename="__init__.py" complexity="0" line-rate="1" branch-rate="1">
					<methods/>
					<lines>
						<line number="2" hits="1"/>
						<line number="6" hits="1"/>
						<line number="7" hits="1"/>
						<line number="8" hits="1"/>
						<line number="9" hits="1"/>
						<line number="11" hits="1"/>
						<line number="28" hits="1"/>
					</lines>
				</class>
				<class name="log.py" filename="log.py" complexity="0" line-rate="0.8462" branch-rate="0.5">
					<methods/>
					<lines>
						<line number="3" hits="1"/>
						<line number="6" hits="1"/>
						<line number="7" hits="1"/>
						<line number="8" hits="1"/>
						<line number="10" hits="1" branch="true" condition-coverage="50% (1/2)" missing-branches="exit"/>
						<line number="11" hits="1"/>
						<line number="12" hits="1"/>
						<line number="13" hits="1"/>
						<line number="14" hits="1"/>
						<line number="15" hits="1"/>
						<line number="18" hits="1"/>
						<line number="20" hits="0"/>
						<line number="21" hits="0"/>
					</lines>
				</class>
			</classes>
		</package>
		<package name="components" line-rate="0.9901" branch-rate="0.6875" complexity="0">
			<classes>
				<class name="__init__.py" filename="components/__init__.py" complexity="0" line-rate="1" branch-rate="1">
					<methods/>
					<lines>
						<line number="9" hits="1"/>
						<line number="19" hits="1"/>
						<line number="21" hits="1"/>
					</lines>
				</class>
				<class name="boundary.py" filename="components/boundary.py" complexity="0" line-rate="0.9592" branch-rate="0.75">
					<methods/>
					<lines>
						<line number="14" hits="1"/>
						<line number="15" hits="1"/>
						<line number="17" hits="1"/>
						<line number="22" hits="1"/>
						<line number="23" hits="1"/>
						<line number="28" hits="1"/>
						<line number="32" hits="1"/>
						<line number="39" hits="1"/>
						<line number="135" hits="1"/>
						<line number="137" hits="1"/>
						<line number="138" hits="1"/>
						<line number="139" hits="1"/>
						<line number="140" hits="1"/>
						<line number="141" hits="1"/>
						<line number="142" hits="1"/>
						<line number="143" hits="1"/>
						<line number="144" hits="1"/>
						<line number="145" hits="1"/>
						<line number="146" hits="1"/>
						<line number="147" hits="1"/>
						<line number="148" hits="1"/>
						<line number="149" hits="1"/>
						<line number="150" hits="1"/>
						<line number="151" hits="1"/>
						<line number="152" hits="1"/>
						<line number="153" hits="1"/>
						<line number="154" hits="1"/>
						<line number="155" hits="1"/>
						<line number="156" hits="1"/>
						<line number="157" hits="1"/>
						<line number="158" hits="1"/>
						<line number="159" hits="1"/>
						<line number="160" hits="1"/>
						<line number="161" hits="1"/>
						<line number="162" hits="1"/>
						<line number="163" hits="1"/>
						<line number="165" hits="1"/>
						<line number="167" hits="1"/>
						<line number="169" hits="1"/>
						<line number="175" hits="1"/>
						<line number="177" hits="1"/>
						<line number="191" hits="1" branch="true" condition-coverage="100% (2/2)"/>
						<line number="192" hits="1"/>
						<line number="194" hits="1"/>
						<line number="196" hits="1"/>
						<line number="207" hits="1" branch="true" condition-coverage="50% (1/2)" missing-branches="208"/>
						<line number="208" hits="0"/>
						<line number="209" hits="0"/>
						<line number="211" hits="1"/>
					</lines>
				</class>
				<class name="crop.py" filename="components/crop.py" complexity="0" line-rate="1" branch-rate="1">
					<methods/>
					<lines>
						<line number="34" hits="1"/>
						<line number="39" hits="1"/>
						<line number="44" hits="1"/>
						<line number="45" hits="1"/>
						<line number="75" hits="1"/>
						<line number="76" hits="1"/>
						<line number="83" hits="1"/>
						<line number="87" hits="1"/>
						<line number="88" hits="1"/>
						<line number="95" hits="1"/>
						<line number="140" hits="1"/>
						<line number="199" hits="1"/>
						<line number="201" hits="1"/>
						<line number="202" hits="1"/>
						<line number="203" hits="1"/>
						<line number="204" hits="1"/>
						<line number="205" hits="1"/>
						<line number="206" hits="1"/>
						<line number="207" hits="1"/>
						<line number="208" hits="1"/>
						<line number="209" hits="1"/>
						<line number="210" hits="1"/>
						<line number="211" hits="1"/>
						<line number="212" hits="1"/>
						<line number="213" hits="1"/>
						<line number="214" hits="1"/>
						<line number="215" hits="1"/>
						<line number="216" hits="1"/>
						<line number="217" hits="1"/>
						<line number="218" hits="1"/>
						<line number="219" hits="1"/>
						<line number="220" hits="1"/>
						<line number="221" hits="1"/>
						<line number="222" hits="1"/>
						<line number="223" hits="1"/>
						<line number="224" hits="1"/>
						<line number="225" hits="1"/>
						<line number="226" hits="1"/>
						<line number="229" hits="1"/>
						<line number="311" hits="1"/>
						<line number="312" hits="1"/>
						<line number="313" hits="1"/>
						<line number="314" hits="1"/>
						<line number="315" hits="1"/>
						<line number="316" hits="1"/>
						<line number="317" hits="1"/>
						<line number="318" hits="1"/>
						<line number="319" hits="1"/>
						<line number="320" hits="1"/>
						<line number="321" hits="1"/>
						<line number="322" hits="1"/>
						<line number="323" hits="1"/>
						<line number="324" hits="1"/>
						<line number="325" hits="1"/>
						<line number="326" hits="1"/>
						<line number="327" hits="1"/>
						<line number="328" hits="1"/>
						<line number="329" hits="1"/>
						<line number="330" hits="1"/>
						<line number="331" hits="1"/>
						<line number="332" hits="1"/>
						<line number="333" hits="1"/>
						<line number="334" hits="1"/>
						<line number="335" hits="1"/>
						<line number="336" hits="1"/>
						<line number="337" hits="1"/>
						<line number="338" hits="1"/>
						<line number="339" hits="1"/>
						<line number="340" hits="1"/>
						<line number="341" hits="1"/>
						<line number="342" hits="1"/>
						<line number="343" hits="1"/>
						<line number="344" hits="1"/>
						<line number="345" hits="1"/>
						<line number="346" hits="1"/>
						<line number="349" hits="1"/>
						<line number="403" hits="1"/>
						<line number="404" hits="1"/>
						<line number="405" hits="1"/>
						<line number="406" hits="1"/>
						<line number="407" hits="1"/>
						<line number="410" hits="1"/>
						<line number="425" hits="1"/>
						<line number="426" hits="1"/>
						<line number="427" hits="1"/>
						<line number="428" hits="1"/>
						<line number="431" hits="1"/>
						<line number="475" hits="1"/>
						<line number="476" hits="1"/>
						<line number="477" hits="1"/>
						<line number="478" hits="1"/>
						<line number="479" hits="1"/>
						<line number="480" hits="1"/>
						<line number="481" hits="1"/>
						<line number="482" hits="1"/>
						<line number="483" hits="1"/>
						<line number="484" hits="1"/>
						<line number="485" hits="1"/>
						<line number="486" hits="1"/>
						<line number="487" hits="1"/>
						<line number="488" hits="1"/>
						<line number="489" hits="1"/>
						<line number="490" hits="1"/>
						<line number="491" hits="1"/>
						<line number="492" hits="1"/>
						<line number="493" hits="1"/>
						<line number="494" hits="1"/>
						<line number="495" hits="1"/>
						<line number="498" hits="1"/>
						<line number="499" hits="1"/>
						<line number="500" hits="1"/>
						<line number="503" hits="1"/>
						<line number="556" hits="1"/>
						<line number="558" hits="1"/>
						<line number="559" hits="1"/>
						<line number="560" hits="1"/>
						<line number="561" hits="1"/>
						<line number="562" hits="1"/>
						<line number="564" hits="1"/>
						<line number="565" hits="1"/>
						<line number="566" hits="1"/>
						<line number="567" hits="1"/>
						<line number="568" hits="1"/>
						<line number="569" hits="1"/>
						<line number="571" hits="1"/>
						<line number="572" hits="1"/>
						<line number="573" hits="1"/>
						<line number="574" hits="1"/>
						<line number="575" hits="1"/>
						<line number="577" hits="1"/>
						<line number="578" hits="1"/>
						<line number="580" hits="1"/>
						<line number="581" hits="1"/>
						<line number="582" hits="1"/>
						<line number="583" hits="1"/>
						<line number="585" hits="1"/>
						<line number="586" hits="1"/>
						<line number="587" hits="1"/>
						<line number="588" hits="1"/>
						<line number="589" hits="1"/>
						<line number="590" hits="1"/>
						<line number="591" hits="1"/>
						<line number="592" hits="1"/>
						<line number="594" hits="1"/>
						<line number="595" hits="1"/>
						<line number="598" hits="1"/>
						<line number="613" hits="1"/>
						<line number="614" hits="1"/>
						<line number="615" hits="1"/>
						<line number="616" hits="1"/>
						<line number="619" hits="1"/>
						<line number="641" hits="1"/>
						<line number="642" hits="1"/>
						<line number="643" hits="1"/>
						<line number="644" hits="1"/>
						<line number="647" hits="1"/>
						<line number="667" hits="1"/>
						<line number="668" hits="1"/>
						<line number="669" hits="1"/>
						<line number="672" hits="1"/>
						<line number="689" hits="1"/>
						<line number="690" hits="1"/>
						<line number="692" hits="1"/>
						<line number="693" hits="1"/>
						<line number="694" hits="1"/>
						<line number="695" hits="1"/>
						<line number="696" hits="1"/>
						<line number="699" hits="1"/>
						<line number="734" hits="1"/>
						<line number="735" hits="1"/>
						<line number="736" hits="1"/>
						<line number="737" hits="1"/>
						<line number="738" hits="1"/>
						<line number="739" hits="1"/>
						<line number="740" hits="1"/>
						<line number="741" hits="1"/>
						<line number="742" hits="1"/>
						<line number="743" hits="1"/>
						<line number="744" hits="1"/>
						<line number="745" hits="1"/>
						<line number="746" hits="1"/>
						<line number="747" hits="1"/>
						<line number="748" hits="1"/>
						<line number="749" hits="1"/>
						<line number="750" hits="1"/>
						<line number="751" hits="1"/>
						<line number="752" hits="1"/>
						<line number="753" hits="1"/>
						<line number="756" hits="1"/>
						<line number="814" hits="1"/>
						<line number="815" hits="1"/>
						<line number="816" hits="1"/>
						<line number="817" hits="1"/>
						<line number="818" hits="1"/>
						<line number="819" hits="1"/>
						<line number="820" hits="1"/>
						<line number="821" hits="1"/>
						<line number="822" hits="1"/>
						<line number="823" hits="1"/>
						<line number="824" hits="1"/>
						<line number="825" hits="1"/>
						<line number="826" hits="1"/>
						<line number="827" hits="1"/>
						<line number="828" hits="1"/>
						<line number="829" hits="1"/>
						<line number="830" hits="1"/>
						<line number="831" hits="1"/>
						<line number="832" hits="1"/>
						<line number="833" hits="1"/>
						<line number="834" hits="1"/>
						<line number="835" hits="1"/>
						<line number="836" hits="1"/>
						<line number="839" hits="1"/>
						<line number="859" hits="1"/>
						<line number="861" hits="1"/>
						<line number="862" hits="1"/>
						<line number="863" hits="1"/>
						<line number="864" hits="1"/>
						<line number="872" hits="1"/>
						<line number="873" hits="1"/>
						<line number="874" hits="1"/>
						<line number="875" hits="1"/>
						<line number="878" hits="1"/>
						<line number="879" hits="1"/>
						<line number="882" hits="1"/>
						<line number="883" hits="1"/>
						<line number="885" hits="1"/>
						<line number="886" hits="1"/>
						<line number="888" hits="1"/>
						<line number="891" hits="1"/>
						<line number="908" hits="1"/>
						<line number="909" hits="1"/>
						<line number="910" hits="1"/>
						<line number="911" hits="1"/>
						<line number="913" hits="1"/>
						<line number="914" hits="1" branch="true" condition-coverage="100% (2/2)"/>
						<line number="915" hits="1"/>
					</lines>
				</class>
				<class name="drainage.py" filename="components/drainage.py" complexity="0" line-rate="1" branch-rate="1">
					<methods/>
					<lines>
						<line number="13" hits="1"/>
						<line number="15" hits="1"/>
						<line number="20" hits="1"/>
						<line number="35" hits="1"/>
						<line number="36" hits="1"/>
						<line number="37" hits="1"/>
						<line number="44" hits="1"/>
						<line number="45" hits="1"/>
						<line number="51" hits="1"/>
						<line number="71" hits="1"/>
						<line number="101" hits="1"/>
						<line number="102" hits="1"/>
						<line number="103" hits="1"/>
						<line number="104" hits="1"/>
						<line number="105" hits="1"/>
						<line number="106" hits="1"/>
						<line number="107" hits="1"/>
						<line number="109" hits="1"/>
						<line number="110" hits="1"/>
						<line number="111" hits="1"/>
						<line number="112" hits="1"/>
						<line number="113" hits="1"/>
						<line number="114" hits="1"/>
						<line number="115" hits="1"/>
						<line number="117" hits="1"/>
						<line number="118" hits="1"/>
						<line number="119" hits="1"/>
						<line number="120" hits="1"/>
						<line number="121" hits="1"/>
						<line number="122" hits="1"/>
						<line number="123" hits="1"/>
						<line number="125" hits="1"/>
						<line number="126" hits="1"/>
						<line number="127" hits="1"/>
						<line number="128" hits="1"/>
						<line number="129" hits="1"/>
						<line number="130" hits="1"/>
						<line number="131" hits="1"/>
						<line number="133" hits="1"/>
						<line number="134" hits="1"/>
						<line number="135" hits="1"/>
						<line number="136" hits="1"/>
						<line number="137" hits="1"/>
						<line number="138" hits="1"/>
						<line number="139" hits="1"/>
						<line number="142" hits="1"/>
						<line number="221" hits="1"/>
						<line number="223" hits="1"/>
						<line number="224" hits="1"/>
						<line number="225" hits="1"/>
						<line number="226" hits="1"/>
						<line number="228" hits="1"/>
						<line number="229" hits="1"/>
						<line number="231" hits="1"/>
						<line number="232" hits="1"/>
						<line number="233" hits="1"/>
						<line number="234" hits="1"/>
						<line number="235" hits="1"/>
						<line number="236" hits="1"/>
						<line number="237" hits="1"/>
						<line number="238" hits="1"/>
						<line number="239" hits="1"/>
						<line number="240" hits="1"/>
						<line number="241" hits="1"/>
						<line number="242" hits="1"/>
						<line number="243" hits="1"/>
						<line number="245" hits="1"/>
						<line number="246" hits="1"/>
						<line number="247" hits="1"/>
						<line number="248" hits="1"/>
						<line number="249" hits="1"/>
						<line number="250" hits="1"/>
						<line number="252" hits="1"/>
						<line number="253" hits="1"/>
						<line number="254" hits="1"/>
						<line number="255" hits="1"/>
						<line number="256" hits="1"/>
						<line number="257" hits="1"/>
						<line number="258" hits="1"/>
						<line number="259" hits="1"/>
						<line number="260" hits="1"/>
						<line number="261" hits="1"/>
						<line number="262" hits="1"/>
						<line number="263" hits="1"/>
						<line number="264" hits="1"/>
						<line number="265" hits="1"/>
						<line number="266" hits="1"/>
						<line number="267" hits="1"/>
						<line number="268" hits="1"/>
						<line number="269" hits="1"/>
						<line number="270" hits="1"/>
						<line number="271" hits="1"/>
						<line number="272" hits="1"/>
						<line number="274" hits="1"/>
						<line number="275" hits="1"/>
						<line number="276" hits="1"/>
						<line number="279" hits="1"/>
						<line number="294" hits="1"/>
						<line number="295" hits="1"/>
						<line number="296" hits="1"/>
						<line number="298" hits="1"/>
						<line number="299" hits="1"/>
						<line number="300" hits="1"/>
					</lines>
				</class>
				<class name="irrigation.py" filename="components/irrigation.py" complexity="0" line-rate="0.8909" branch-rate="0.25">
					<methods/>
					<lines>
						<line number="15" hits="1"/>
						<line number="16" hits="1"/>
						<line number="18" hits="1"/>
						<line number="23" hits="1"/>
						<line number="24" hits="1"/>
						<line number="25" hits="1"/>
						<line number="26" hits="1"/>
						<line number="31" hits="1"/>
						<line number="32" hits="1"/>
						<line number="38" hits="1"/>
						<line number="41" hits="1"/>
						<line number="53" hits="1"/>
						<line number="55" hits="1"/>
						<line number="56" hits="1"/>
						<line number="57" hits="1"/>
						<line number="58" hits="1"/>
						<line number="60" hits="1"/>
						<line number="66" hits="1" branch="true" condition-coverage="50% (1/2)" missing-branches="67"/>
						<line number="67" hits="0"/>
						<line number="69" hits="1"/>
						<line number="71" hits="1"/>
						<line number="72" hits="1"/>
						<line number="73" hits="0"/>
						<line number="75" hits="1"/>
						<line number="84" hits="0" branch="true" condition-coverage="0% (0/2)" missing-branches="85,88"/>
						<line number="85" hits="0"/>
						<line number="86" hits="0"/>
						<line number="88" hits="0"/>
						<line number="91" hits="1"/>
						<line number="134" hits="1"/>
						<line number="135" hits="1"/>
						<line number="136" hits="1"/>
						<line number="137" hits="1"/>
						<line number="138" hits="1"/>
						<line number="139" hits="1"/>
						<line number="141" hits="1"/>
						<line number="142" hits="1"/>
						<line number="143" hits="1"/>
						<line number="144" hits="1"/>
						<line number="145" hits="1"/>
						<line number="146" hits="1"/>
						<line number="147" hits="1"/>
						<line number="148" hits="1"/>
						<line number="149" hits="1"/>
						<line number="150" hits="1"/>
						<line number="151" hits="1"/>
						<line number="152" hits="1"/>
						<line number="153" hits="1"/>
						<line number="154" hits="1"/>
						<line number="155" hits="1"/>
						<line number="156" hits="1"/>
						<line number="157" hits="1"/>
						<line number="158" hits="1"/>
						<line number="159" hits="1"/>
						<line number="160" hits="1"/>
					</lines>
				</class>
				<class name="metadata.py" filename="components/metadata.py" complexity="0" line-rate="1" branch-rate="1">
					<methods/>
					<lines>
						<line number="7" hits="1"/>
						<line number="9" hits="1"/>
						<line number="10" hits="1"/>
						<line number="11" hits="1"/>
						<line number="14" hits="1"/>
						<line number="32" hits="1"/>
						<line number="33" hits="1"/>
						<line number="34" hits="1"/>
						<line number="35" hits="1"/>
						<line number="36" hits="1"/>
						<line number="37" hits="1"/>
					</lines>
				</class>
				<class name="meteorology.py" filename="components/meteorology.py" complexity="0" line-rate="1" branch-rate="1">
					<methods/>
					<lines>
						<line number="19" hits="1"/>
						<line number="20" hits="1"/>
						<line number="24" hits="1"/>
						<line number="28" hits="1"/>
						<line number="29" hits="1"/>
						<line number="34" hits="1"/>
						<line number="40" hits="1"/>
						<line number="41" hits="1"/>
						<line number="47" hits="1"/>
						<line number="48" hits="1"/>
						<line number="49" hits="1"/>
						<line number="50" hits="1"/>
						<line number="56" hits="1"/>
						<line number="68" hits="1"/>
						<line number="81" hits="1"/>
						<line number="83" hits="1"/>
						<line number="84" hits="1"/>
						<line number="87" hits="1"/>
						<line number="153" hits="1"/>
						<line number="154" hits="1"/>
						<line number="155" hits="1"/>
						<line number="156" hits="1"/>
						<line number="157" hits="1"/>
						<line number="158" hits="1"/>
						<line number="159" hits="1"/>
						<line number="160" hits="1"/>
						<line number="161" hits="1"/>
						<line number="162" hits="1"/>
						<line number="163" hits="1"/>
						<line number="164" hits="1"/>
						<line number="165" hits="1"/>
						<line number="166" hits="1"/>
						<line number="167" hits="1"/>
						<line number="169" hits="1"/>
						<line number="170" hits="1"/>
						<line number="171" hits="1"/>
						<line number="173" hits="1"/>
						<line number="175" hits="1" branch="true" condition-coverage="100% (2/2)"/>
						<line number="176" hits="1"/>
						<line number="177" hits="1"/>
						<line number="179" hits="1"/>
						<line number="180" hits="1"/>
						<line number="181" hits="1"/>
						<line number="183" hits="1"/>
						<line number="196" hits="1"/>
						<line number="199" hits="1"/>
						<line number="216" hits="1"/>
						<line number="217" hits="1"/>
						<line number="220" hits="1"/>
						<line number="224" hits="1"/>
						<line number="227" hits="1"/>
						<line number="252" hits="1" branch="true" condition-coverage="100% (2/2)"/>
						<line number="253" hits="1"/>
						<line number="256" hits="1"/>
						<line number="269" hits="1"/>
						<line number="273" hits="1"/>
						<line number="281" hits="1"/>
						<line number="282" hits="1"/>
						<line number="283" hits="1"/>
						<line number="286" hits="1"/>
						<line number="287" hits="1"/>
						<line number="290" hits="1"/>
						<line number="293" hits="1"/>
						<line number="303" hits="1"/>
						<line number="306" hits="1"/>
						<line number="307" hits="1"/>
						<line number="308" hits="1"/>
						<line number="311" hits="1"/>
						<line number="316" hits="1"/>
						<line number="318" hits="1"/>
					</lines>
				</class>
				<class name="simsettings.py" filename="components/simsettings.py" complexity="0" line-rate="0.975" branch-rate="0.5">
					<methods/>
					<lines>
						<line number="10" hits="1"/>
						<line number="11" hits="1"/>
						<line number="12" hits="1"/>
						<line number="17" hits="1"/>
						<line number="23" hits="1"/>
						<line number="24" hits="1"/>
						<line number="29" hits="1"/>
						<line number="36" hits="1"/>
						<line number="40" hits="1"/>
						<line number="45" hits="1"/>
						<line number="47" hits="1"/>
						<line number="50" hits="1"/>
						<line number="53" hits="1"/>
						<line number="54" hits="1"/>
						<line number="55" hits="1"/>
						<line number="56" hits="1"/>
						<line number="57" hits="1"/>
						<line number="58" hits="1"/>
						<line number="59" hits="1"/>
						<line number="60" hits="1"/>
						<line number="61" hits="1"/>
						<line number="62" hits="1"/>
						<line number="63" hits="1"/>
						<line number="64" hits="1"/>
						<line number="65" hits="1"/>
						<line number="66" hits="1"/>
						<line number="67" hits="1"/>
						<line number="68" hits="1"/>
						<line number="69" hits="1"/>
						<line number="72" hits="1"/>
						<line number="141" hits="1"/>
						<line number="144" hits="1"/>
						<line number="145" hits="1"/>
						<line number="146" hits="1"/>
						<line number="148" hits="1"/>
						<line number="149" hits="1"/>
						<line number="150" hits="1"/>
						<line number="151" hits="1"/>
						<line number="152" hits="1"/>
						<line number="153" hits="1"/>
						<line number="155" hits="1"/>
						<line number="156" hits="1"/>
						<line number="158" hits="1"/>
						<line number="159" hits="1"/>
						<line number="160" hits="1"/>
						<line number="161" hits="1"/>
						<line number="162" hits="1"/>
						<line number="163" hits="1"/>
						<line number="164" hits="1"/>
						<line number="165" hits="1"/>
						<line number="166" hits="1"/>
						<line number="168" hits="1"/>
						<line number="169" hits="1"/>
						<line number="171" hits="1"/>
						<line number="172" hits="1"/>
						<line number="173" hits="1"/>
						<line number="174" hits="1"/>
						<line number="175" hits="1"/>
						<line number="176" hits="1"/>
						<line number="177" hits="1"/>
						<line number="178" hits="1"/>
						<line number="180" hits="1"/>
						<line number="181" hits="1"/>
						<line number="182" hits="1"/>
						<line number="185" hits="1" branch="true" condition-coverage="50% (1/2)" missing-branches="186"/>
						<line number="186" hits="0"/>
						<line number="187" hits="0"/>
						<line number="190" hits="1"/>
						<line number="197" hits="1"/>
						<line number="200" hits="1"/>
						<line number="224" hits="1"/>
						<line number="225" hits="1"/>
						<line number="226" hits="1"/>
						<line number="227" hits="1"/>
						<line number="228" hits="1"/>
						<line number="229" hits="1"/>
						<line number="230" hits="1"/>
						<line number="231" hits="1"/>
						<line number="232" hits="1"/>
						<line number="233" hits="1"/>
					</lines>
				</class>
				<class name="soilwater.py" filename="components/soilwater.py" complexity="0" line-rate="1" branch-rate="1">
					<methods/>
					<lines>
						<line number="4" hits="1"/>
						<line number="6" hits="1"/>
						<line number="11" hits="1"/>
						<line number="12" hits="1"/>
						<line number="13" hits="1"/>
						<line number="19" hits="1"/>
						<line number="20" hits="1"/>
						<line number="25" hits="1"/>
						<line number="36" hits="1"/>
						<line number="55" hits="1"/>
						<line number="56" hits="1"/>
						<line number="57" hits="1"/>
						<line number="58" hits="1"/>
						<line number="59" hits="1"/>
						<line number="60" hits="1"/>
						<line number="61" hits="1"/>
						<line number="62" hits="1"/>
						<line number="65" hits="1"/>
						<line number="84" hits="1"/>
						<line number="85" hits="1"/>
						<line number="86" hits="1"/>
						<line number="87" hits="1"/>
						<line number="88" hits="1"/>
						<line number="89" hits="1"/>
						<line number="90" hits="1"/>
						<line number="93" hits="1"/>
						<line number="112" hits="1"/>
						<line number="113" hits="1"/>
						<line number="114" hits="1"/>
						<line number="115" hits="1"/>
						<line number="118" hits="1"/>
						<line number="148" hits="1"/>
						<line number="150" hits="1"/>
						<line number="151" hits="1"/>
						<line number="152" hits="1"/>
						<line number="153" hits="1"/>
						<line number="154" hits="1"/>
						<line number="155" hits="1"/>
						<line number="156" hits="1"/>
						<line number="159" hits="1"/>
						<line number="181" hits="1"/>
						<line number="182" hits="1"/>
						<line number="183" hits="1"/>
						<line number="184" hits="1"/>
						<line number="185" hits="1"/>
						<line number="186" hits="1"/>
						<line number="187" hits="1"/>
					</lines>
				</class>
				<class name="tables.py" filename="components/tables.py" complexity="0" line-rate="1" branch-rate="1">
					<methods/>
					<lines>
						<line number="3" hits="1"/>
						<line number="5" hits="1"/>
						<line number="6" hits="1"/>
						<line number="8" hits="1"/>
						<line number="9" hits="1"/>
						<line number="11" hits="1"/>
						<line number="46" hits="1"/>
						<line number="90" hits="1"/>
						<line number="97" hits="1"/>
						<line number="100" hits="1"/>
						<line number="108" hits="1"/>
						<line number="109" hits="1"/>
						<line number="110" hits="1"/>
						<line number="113" hits="1"/>
						<line number="122" hits="1"/>
						<line number="123" hits="1"/>
						<line number="126" hits="1"/>
						<line number="136" hits="1"/>
						<line number="137" hits="1"/>
						<line number="140" hits="1"/>
						<line number="150" hits="1"/>
						<line number="151" hits="1"/>
						<line number="154" hits="1"/>
						<line number="162" hits="1"/>
						<line number="163" hits="1"/>
						<line number="164" hits="1"/>
						<line number="165" hits="1"/>
						<line number="168" hits="1"/>
						<line number="176" hits="1"/>
						<line number="177" hits="1"/>
						<line number="178" hits="1"/>
						<line number="179" hits="1"/>
						<line number="182" hits="1"/>
						<line number="194" hits="1"/>
						<line number="195" hits="1"/>
						<line number="196" hits="1"/>
						<line number="197" hits="1"/>
						<line number="198" hits="1"/>
						<line number="199" hits="1"/>
						<line number="202" hits="1"/>
						<line number="210" hits="1"/>
						<line number="211" hits="1"/>
						<line number="214" hits="1"/>
						<line number="222" hits="1"/>
						<line number="223" hits="1"/>
						<line number="226" hits="1"/>
						<line number="234" hits="1"/>
						<line number="235" hits="1"/>
						<line number="238" hits="1"/>
						<line number="252" hits="1"/>
						<line number="253" hits="1"/>
						<line number="254" hits="1"/>
						<line number="255" hits="1"/>
						<line number="259" hits="1"/>
						<line number="267" hits="1"/>
						<line number="268" hits="1"/>
						<line number="271" hits="1"/>
						<line number="279" hits="1"/>
						<line number="280" hits="1"/>
						<line number="281" hits="1"/>
						<line number="284" hits="1"/>
						<line number="292" hits="1"/>
						<line number="293" hits="1"/>
						<line number="294" hits="1"/>
						<line number="297" hits="1"/>
						<line number="305" hits="1"/>
						<line number="306" hits="1"/>
						<line number="309" hits="1"/>
						<line number="317" hits="1"/>
						<line number="318" hits="1"/>
						<line number="321" hits="1"/>
						<line number="329" hits="1"/>
						<line number="330" hits="1"/>
						<line number="331" hits="1"/>
						<line number="334" hits="1"/>
						<line number="342" hits="1"/>
						<line number="343" hits="1"/>
						<line number="344" hits="1"/>
						<line number="347" hits="1"/>
						<line number="355" hits="1"/>
						<line number="356" hits="1"/>
						<line number="357" hits="1"/>
						<line number="360" hits="1"/>
						<line number="368" hits="1"/>
						<line number="369" hits="1"/>
						<line number="370" hits="1"/>
						<line number="373" hits="1"/>
						<line number="381" hits="1"/>
						<line number="382" hits="1"/>
						<line number="385" hits="1"/>
						<line number="393" hits="1"/>
						<line number="394" hits="1"/>
						<line number="395" hits="1"/>
						<line number="398" hits="1"/>
						<line number="406" hits="1"/>
						<line number="407" hits="1"/>
						<line number="408" hits="1"/>
						<line number="411" hits="1"/>
						<line number="419" hits="1"/>
						<line number="420" hits="1"/>
						<line number="423" hits="1"/>
						<line number="435" hits="1"/>
						<line number="436" hits="1"/>
						<line number="439" hits="1"/>
						<line number="449" hits="1"/>
						<line number="450" hits="1"/>
						<line number="451" hits="1"/>
						<line number="452" hits="1"/>
						<line number="455" hits="1"/>
						<line number="463" hits="1"/>
						<line number="464" hits="1"/>
						<line number="467" hits="1"/>
						<line number="480" hits="1"/>
						<line number="481" hits="1"/>
						<line number="484" hits="1"/>
						<line number="492" hits="1"/>
						<line number="493" hits="1"/>
						<line number="496" hits="1"/>
						<line number="510" hits="1"/>
						<line number="511" hits="1"/>
						<line number="512" hits="1"/>
						<line number="513" hits="1"/>
						<line number="516" hits="1"/>
						<line number="519" hits="1"/>
						<line number="520" hits="1"/>
						<line number="523" hits="1"/>
						<line number="526" hits="1"/>
						<line number="527" hits="1"/>
						<line number="530" hits="1"/>
						<line number="533" hits="1"/>
						<line number="534" hits="1"/>
						<line number="537" hits="1"/>
						<line number="540" hits="1"/>
						<line number="541" hits="1"/>
						<line number="544" hits="1"/>
						<line number="547" hits="1"/>
						<line number="548" hits="1"/>
						<line number="551" hits="1"/>
						<line number="554" hits="1"/>
						<line number="555" hits="1"/>
						<line number="558" hits="1"/>
						<line number="559" hits="1"/>
						<line number="560" hits="1"/>
						<line number="563" hits="1"/>
						<line number="564" hits="1"/>
						<line number="565" hits="1"/>
						<line number="568" hits="1"/>
						<line number="571" hits="1"/>
						<line number="572" hits="1"/>
						<line number="575" hits="1"/>
						<line number="578" hits="1"/>
						<line number="579" hits="1"/>
						<line number="582" hits="1"/>
						<line number="585" hits="1"/>
						<line number="586" hits="1"/>
						<line number="591" hits="1"/>
						<line number="599" hits="1"/>
						<line number="606" hits="1"/>
						<line number="607" hits="1"/>
						<line number="608" hits="1"/>
						<line number="609" hits="1"/>
						<line number="610" hits="1"/>
						<line number="611" hits="1"/>
						<line number="612" hits="1"/>
						<line number="613" hits="1"/>
						<line number="614" hits="1"/>
						<line number="615" hits="1"/>
						<line number="616" hits="1"/>
						<line number="617" hits="1"/>
						<line number="620" hits="1"/>
						<line number="621" hits="1"/>
						<line number="622" hits="1"/>
						<line number="623" hits="1"/>
						<line number="624" hits="1"/>
						<line number="625" hits="1"/>
						<line number="626" hits="1"/>
						<line number="627" hits="1"/>
						<line number="630" hits="1"/>
						<line number="631" hits="1"/>
						<line number="632" hits="1"/>
						<line number="633" hits="1"/>
						<line number="634" hits="1"/>
						<line number="635" hits="1"/>
						<line number="636" hits="1"/>
						<line number="639" hits="1"/>
						<line number="640" hits="1"/>
						<line number="641" hits="1"/>
						<line number="646" hits="1"/>
						<line number="656" hits="1"/>
						<line number="664" hits="1"/>
						<line number="665" hits="1"/>
						<line number="668" hits="1"/>
						<line number="676" hits="1"/>
						<line number="677" hits="1"/>
						<line number="680" hits="1"/>
						<line number="691" hits="1"/>
						<line number="692" hits="1"/>
						<line number="693" hits="1"/>
						<line number="694" hits="1"/>
						<line number="695" hits="1"/>
						<line number="698" hits="1"/>
						<line number="717" hits="1"/>
						<line number="718" hits="1"/>
						<line number="719" hits="1"/>
						<line number="720" hits="1"/>
						<line number="721" hits="1"/>
						<line number="722" hits="1"/>
						<line number="723" hits="1"/>
						<line number="724" hits="1"/>
						<line number="725" hits="1"/>
						<line number="726" hits="1"/>
						<line number="732" hits="1"/>
						<line number="742" hits="1"/>
						<line number="743" hits="1"/>
						<line number="744" hits="1"/>
						<line number="745" hits="1"/>
						<line number="748" hits="1"/>
						<line number="756" hits="1"/>
						<line number="757" hits="1"/>
						<line number="762" hits="1"/>
						<line number="776" hits="1"/>
						<line number="784" hits="1"/>
						<line number="785" hits="1"/>
						<line number="788" hits="1"/>
						<line number="796" hits="1"/>
						<line number="797" hits="1"/>
						<line number="800" hits="1"/>
						<line number="808" hits="1"/>
						<line number="809" hits="1"/>
						<line number="812" hits="1"/>
						<line number="820" hits="1"/>
						<line number="821" hits="1"/>
						<line number="824" hits="1"/>
						<line number="832" hits="1"/>
						<line number="833" hits="1"/>
						<line number="836" hits="1"/>
						<line number="844" hits="1"/>
						<line number="845" hits="1"/>
						<line number="848" hits="1"/>
						<line number="856" hits="1"/>
						<line number="857" hits="1"/>
						<line number="860" hits="1"/>
						<line number="868" hits="1"/>
						<line number="869" hits="1"/>
						<line number="872" hits="1"/>
						<line number="880" hits="1"/>
						<line number="881" hits="1"/>
						<line number="884" hits="1"/>
						<line number="892" hits="1"/>
						<line number="893" hits="1"/>
						<line number="894" hits="1"/>
						<line number="895" hits="1"/>
						<line number="900" hits="1"/>
						<line number="917" hits="1"/>
						<line number="934" hits="1"/>
						<line number="935" hits="1"/>
						<line number="936" hits="1"/>
						<line number="937" hits="1"/>
						<line number="938" hits="1"/>
						<line number="939" hits="1"/>
						<line number="940" hits="1"/>
						<line number="941" hits="1"/>
						<line number="942" hits="1"/>
						<line number="943" hits="1"/>
						<line number="944" hits="1"/>
						<line number="947" hits="1"/>
						<line number="959" hits="1"/>
						<line number="960" hits="1"/>
						<line number="961" hits="1"/>
						<line number="964" hits="1"/>
						<line number="972" hits="1"/>
						<line number="973" hits="1"/>
						<line number="976" hits="1"/>
						<line number="984" hits="1"/>
						<line number="985" hits="1"/>
						<line number="988" hits="1"/>
						<line number="996" hits="1"/>
						<line number="997" hits="1"/>
						<line number="1000" hits="1"/>
						<line number="1008" hits="1"/>
						<line number="1009" hits="1"/>
						<line number="1012" hits="1"/>
						<line number="1020" hits="1"/>
						<line number="1021" hits="1"/>
						<line number="1024" hits="1"/>
						<line number="1025" hits="1"/>
						<line number="1026" hits="1"/>
						<line number="1029" hits="1"/>
						<line number="1030" hits="1"/>
						<line number="1031" hits="1"/>
						<line number="1032" hits="1"/>
						<line number="1033" hits="1"/>
						<line number="1034" hits="1"/>
						<line number="1035" hits="1"/>
						<line number="1038" hits="1"/>
						<line number="1039" hits="1"/>
						<line number="1040" hits="1"/>
						<line number="1041" hits="1"/>
						<line number="1042" hits="1"/>
						<line number="1045" hits="1"/>
						<line number="1046" hits="1"/>
						<line number="1047" hits="1"/>
						<line number="1048" hits="1"/>
						<line number="1049" hits="1"/>
						<line number="1052" hits="1"/>
						<line number="1053" hits="1"/>
						<line number="1054" hits="1"/>
						<line number="1057" hits="1"/>
						<line number="1058" hits="1"/>
						<line number="1059" hits="1"/>
						<line number="1064" hits="1"/>
						<line number="1067" hits="1"/>
						<line number="1074" hits="1"/>
						<line number="1077" hits="1"/>
						<line number="1084" hits="1"/>
					</lines>
				</class>
				<class name="transport.py" filename="components/transport.py" complexity="0" line-rate="1" branch-rate="1">
					<methods/>
					<lines>
						<line number="3" hits="1"/>
						<line number="5" hits="1"/>
						<line number="7" hits="1"/>
						<line number="8" hits="1"/>
						<line number="9" hits="1"/>
						<line number="14" hits="1"/>
						<line number="15" hits="1"/>
						<line number="20" hits="1"/>
						<line number="23" hits="1"/>
						<line number="47" hits="1"/>
						<line number="48" hits="1"/>
						<line number="49" hits="1"/>
						<line number="50" hits="1"/>
						<line number="51" hits="1"/>
						<line number="52" hits="1"/>
						<line number="53" hits="1"/>
						<line number="54" hits="1"/>
						<line number="55" hits="1"/>
						<line number="56" hits="1"/>
						<line number="57" hits="1"/>
						<line number="58" hits="1"/>
						<line number="61" hits="1"/>
						<line number="91" hits="1"/>
						<line number="92" hits="1"/>
						<line number="93" hits="1"/>
						<line number="94" hits="1"/>
						<line number="95" hits="1"/>
						<line number="96" hits="1"/>
						<line number="97" hits="1"/>
						<line number="98" hits="1"/>
						<line number="99" hits="1"/>
						<line number="100" hits="1"/>
						<line number="101" hits="1"/>
						<line number="102" hits="1"/>
						<line number="103" hits="1"/>
						<line number="104" hits="1"/>
						<line number="105" hits="1"/>
						<line number="106" hits="1"/>
						<line number="107" hits="1"/>
						<line number="108" hits="1"/>
						<line number="109" hits="1"/>
						<line number="110" hits="1"/>
						<line number="111" hits="1"/>
						<line number="112" hits="1"/>
						<line number="113" hits="1"/>
					</lines>
				</class>
			</classes>
		</package>
		<package name="core" line-rate="0.9387" branch-rate="0.7647" complexity="0">
			<classes>
				<class name="basemodel.py" filename="core/basemodel.py" complexity="0" line-rate="0.9057" branch-rate="0.7857">
					<methods/>
					<lines>
						<line number="23" hits="1"/>
						<line number="25" hits="1"/>
						<line number="27" hits="1"/>
						<line number="28" hits="1"/>
						<line number="29" hits="1"/>
						<line number="30" hits="1"/>
						<line number="32" hits="1"/>
						<line number="35" hits="1"/>
						<line number="44" hits="1"/>
						<line number="51" hits="1"/>
						<line number="58" hits="1" branch="true" condition-coverage="100% (2/2)"/>
						<line number="59" hits="1"/>
						<line number="60" hits="1"/>
						<line number="62" hits="1"/>
						<line number="77" hits="1"/>
						<line number="79" hits="1" branch="true" condition-coverage="100% (2/2)"/>
						<line number="84" hits="1" branch="true" condition-coverage="50% (1/2)" missing-branches="85"/>
						<line number="85" hits="0"/>
						<line number="87" hits="1"/>
						<line number="88" hits="1"/>
						<line number="91" hits="1"/>
						<line number="94" hits="1" branch="true" condition-coverage="100% (2/2)"/>
						<line number="95" hits="1"/>
						<line number="96" hits="1" branch="true" condition-coverage="50% (1/2)" missing-branches="97"/>
						<line number="97" hits="0"/>
						<line number="99" hits="1"/>
						<line number="100" hits="1"/>
						<line number="104" hits="1"/>
						<line number="106" hits="1"/>
						<line number="107" hits="1"/>
						<line number="108" hits="1"/>
						<line number="115" hits="1" branch="true" condition-coverage="100% (2/2)"/>
						<line number="120" hits="1"/>
						<line number="121" hits="1"/>
						<line number="122" hits="0"/>
						<line number="123" hits="0"/>
						<line number="124" hits="1"/>
						<line number="127" hits="1"/>
						<line number="134" hits="1"/>
						<line number="135" hits="1"/>
						<line number="137" hits="1"/>
						<line number="138" hits="1"/>
						<line number="139" hits="1"/>
						<line number="140" hits="1" branch="true" condition-coverage="50% (1/2)" missing-branches="141"/>
						<line number="141" hits="0"/>
						<line number="143" hits="1"/>
						<line number="144" hits="1"/>
						<line number="145" hits="1"/>
						<line number="147" hits="1"/>
						<line number="148" hits="1"/>
						<line number="150" hits="1"/>
						<line number="151" hits="1"/>
						<line number="152" hits="1"/>
					</lines>
				</class>
				<class name="defaults.py" filename="core/defaults.py" complexity="0" line-rate="1" branch-rate="1">
					<methods/>
					<lines>
						<line number="11" hits="1"/>
						<line number="12" hits="1"/>
						<line number="13" hits="1"/>
						<line number="15" hits="1"/>
						<line number="17" hits="1"/>
						<line number="18" hits="1"/>
						<line number="20" hits="1"/>
						<line number="21" hits="1"/>
						<line number="23" hits="1"/>
						<line number="24" hits="1"/>
						<line number="26" hits="1"/>
						<line number="27" hits="1"/>
						<line number="29" hits="1"/>
						<line number="30" hits="1"/>
						<line number="32" hits="1"/>
						<line number="33" hits="1"/>
						<line number="35" hits="1"/>
						<line number="48" hits="1"/>
						<line number="68" hits="1"/>
					</lines>
				</class>
				<class name="fields.py" filename="core/fields.py" complexity="0" line-rate="1" branch-rate="1">
					<methods/>
					<lines>
						<line number="70" hits="1"/>
						<line number="71" hits="1"/>
						<line number="72" hits="1"/>
						<line number="74" hits="1"/>
						<line number="75" hits="1"/>
						<line number="76" hits="1"/>
						<line number="78" hits="1"/>
						<line number="79" hits="1"/>
						<line number="87" hits="1"/>
						<line number="94" hits="1"/>
						<line number="110" hits="1"/>
						<line number="115" hits="1"/>
						<line number="117" hits="1"/>
						<line number="120" hits="1"/>
						<line number="122" hits="1"/>
						<line number="127" hits="1"/>
						<line number="129" hits="1"/>
						<line number="134" hits="1"/>
						<line number="136" hits="1"/>
						<line number="145" hits="1"/>
						<line number="147" hits="1"/>
						<line number="154" hits="1"/>
						<line number="156" hits="1"/>
						<line number="164" hits="1"/>
						<line number="166" hits="1"/>
						<line number="171" hits="1"/>
						<line number="173" hits="1"/>
						<line number="178" hits="1"/>
						<line number="180" hits="1"/>
						<line number="182" hits="1"/>
						<line number="187" hits="1"/>
						<line number="189" hits="1"/>
						<line number="194" hits="1"/>
						<line number="196" hits="1"/>
						<line number="200" hits="1"/>
						<line number="202" hits="1"/>
						<line number="206" hits="1"/>
					</lines>
				</class>
				<class name="parsers.py" filename="core/parsers.py" complexity="0" line-rate="0.8611" branch-rate="0.75">
					<methods/>
					<lines>
						<line number="15" hits="1"/>
						<line number="18" hits="1"/>
						<line number="20" hits="1" branch="true" condition-coverage="100% (2/2)"/>
						<line number="21" hits="1"/>
						<line number="22" hits="1" branch="true" condition-coverage="50% (1/2)" missing-branches="exit"/>
						<line number="23" hits="1"/>
						<line number="26" hits="1"/>
						<line number="28" hits="1" branch="true" condition-coverage="100% (2/2)"/>
						<line number="29" hits="1"/>
						<line number="30" hits="1" branch="true" condition-coverage="50% (1/2)" missing-branches="exit"/>
						<line number="31" hits="1"/>
						<line number="34" hits="1"/>
						<line number="36" hits="1" branch="true" condition-coverage="100% (2/2)"/>
						<line number="37" hits="1"/>
						<line number="38" hits="1" branch="true" condition-coverage="50% (1/2)" missing-branches="exit"/>
						<line number="39" hits="1"/>
						<line number="42" hits="1"/>
						<line number="44" hits="1" branch="true" condition-coverage="100% (2/2)"/>
						<line number="45" hits="1"/>
						<line number="46" hits="1"/>
						<line number="49" hits="1"/>
						<line number="51" hits="1" branch="true" condition-coverage="50% (1/2)" missing-branches="53"/>
						<line number="52" hits="1"/>
						<line number="53" hits="0"/>
						<line number="54" hits="0"/>
						<line number="57" hits="1"/>
						<line number="59" hits="1"/>
						<line number="60" hits="1" branch="true" condition-coverage="100% (2/2)"/>
						<line number="61" hits="1"/>
						<line number="62" hits="1" branch="true" condition-coverage="50% (1/2)" missing-branches="68"/>
						<line number="63" hits="1"/>
						<line number="64" hits="1"/>
						<line number="65" hits="1"/>
						<line number="66" hits="0"/>
						<line number="67" hits="0"/>
						<line number="68" hits="0"/>
					</lines>
				</class>
				<class name="serializers.py" filename="core/serializers.py" complexity="0" line-rate="1" branch-rate="1">
					<methods/>
					<lines>
						<line number="20" hits="1"/>
						<line number="22" hits="1"/>
						<line number="25" hits="1"/>
						<line number="34" hits="1"/>
						<line number="37" hits="1"/>
						<line number="46" hits="1"/>
						<line number="49" hits="1"/>
						<line number="58" hits="1"/>
						<line number="61" hits="1"/>
						<line number="62" hits="1"/>
						<line number="63" hits="1"/>
						<line number="65" hits="1"/>
					</lines>
				</class>
				<class name="valueranges.py" filename="core/valueranges.py" complexity="0" line-rate="1" branch-rate="1">
					<methods/>
					<lines>
						<line number="13" hits="1"/>
						<line number="14" hits="1"/>
						<line number="16" hits="1"/>
						<line number="17" hits="1"/>
						<line number="19" hits="1"/>
						<line number="20" hits="1"/>
					</lines>
				</class>
			</classes>
		</package>
		<package name="core.cli" line-rate="0.9036" branch-rate="0.625" complexity="0">
			<classes>
				<class name="cli.py" filename="core/cli/cli.py" complexity="0" line-rate="0.9036" branch-rate="0.625">
					<methods/>
					<lines>
						<line number="8" hits="1"/>
						<line number="9" hits="1"/>
						<line number="10" hits="1"/>
						<line number="11" hits="1"/>
						<line number="13" hits="1"/>
						<line number="15" hits="1"/>
						<line number="18" hits="1"/>
						<line number="19" hits="1"/>
						<line number="20" hits="1"/>
						<line number="23" hits="1"/>
						<line number="24" hits="1"/>
						<line number="26" hits="1"/>
						<line number="27" hits="1" branch="true" condition-coverage="50% (1/2)" missing-branches="30"/>
						<line number="28" hits="1"/>
						<line number="30" hits="1"/>
						<line number="36" hits="1"/>
						<line number="37" hits="0"/>
						<line number="38" hits="0"/>
						<line number="41" hits="1"/>
						<line number="42" hits="1"/>
						<line number="43" hits="1"/>
						<line number="45" hits="1"/>
						<line number="46" hits="1"/>
						<line number="47" hits="1"/>
						<line number="48" hits="1"/>
						<line number="49" hits="1"/>
						<line number="51" hits="1"/>
						<line number="52" hits="1"/>
						<line number="54" hits="1"/>
						<line number="55" hits="0"/>
						<line number="56" hits="0"/>
						<line number="58" hits="1"/>
						<line number="61" hits="1"/>
						<line number="62" hits="1"/>
						<line number="63" hits="1"/>
						<line number="64" hits="1"/>
						<line number="67" hits="1"/>
						<line number="68" hits="1"/>
						<line number="69" hits="1"/>
						<line number="70" hits="1"/>
						<line number="73" hits="1"/>
						<line number="74" hits="1"/>
						<line number="75" hits="1"/>
						<line number="82" hits="1"/>
						<line number="85" hits="1"/>
						<line number="86" hits="1"/>
						<line number="87" hits="1"/>
						<line number="88" hits="1"/>
						<line number="89" hits="1"/>
						<line number="90" hits="1"/>
						<line number="91" hits="1"/>
						<line number="92" hits="1"/>
						<line number="93" hits="1"/>
						<line number="94" hits="1"/>
						<line number="95" hits="1"/>
						<line number="96" hits="1"/>
						<line number="97" hits="1"/>
						<line number="99" hits="1"/>
						<line number="100" hits="0"/>
						<line number="101" hits="0"/>
						<line number="104" hits="1"/>
						<line number="105" hits="1"/>
						<line number="107" hits="1"/>
						<line number="116" hits="1"/>
						<line number="119" hits="1"/>
						<line number="120" hits="1"/>
						<line number="122" hits="1"/>
						<line number="123" hits="1"/>
						<line number="125" hits="1"/>
						<line number="126" hits="1"/>
						<line number="128" hits="1"/>
						<line number="131" hits="1"/>
						<line number="132" hits="1"/>
						<line number="138" hits="1" branch="true" condition-coverage="100% (2/2)"/>
						<line number="139" hits="1"/>
						<line number="143" hits="1" branch="true" condition-coverage="50% (1/2)" missing-branches="148"/>
						<line number="144" hits="1"/>
						<line number="148" hits="1"/>
						<line number="151" hits="1"/>
						<line number="152" hits="1"/>
						<line number="153" hits="0"/>
						<line number="156" hits="1" branch="true" condition-coverage="50% (1/2)" missing-branches="157"/>
						<line number="157" hits="0"/>
					</lines>
				</class>
			</classes>
		</package>
		<package name="core.io" line-rate="0.8333" branch-rate="0.5" complexity="0">
			<classes>
				<class name="io_ascii.py" filename="core/io/io_ascii.py" complexity="0" line-rate="0.6667" branch-rate="0">
					<methods/>
					<lines>
						<line number="8" hits="1"/>
						<line number="10" hits="1"/>
						<line number="13" hits="1"/>
						<line number="19" hits="1"/>
						<line number="20" hits="1"/>
						<line number="21" hits="1"/>
						<line number="23" hits="1"/>
						<line number="26" hits="1"/>
						<line number="49" hits="0" branch="true" condition-coverage="0% (0/2)" missing-branches="50,52"/>
						<line number="50" hits="0"/>
						<line number="52" hits="0"/>
						<line number="53" hits="0"/>
					</lines>
				</class>
				<class name="io_csv.py" filename="core/io/io_csv.py" complexity="0" line-rate="1" branch-rate="1">
					<methods/>
					<lines>
						<line number="7" hits="1"/>
						<line number="9" hits="1"/>
						<line number="12" hits="1"/>
						<line number="18" hits="1" branch="true" condition-coverage="100% (2/2)"/>
						<line number="19" hits="1"/>
						<line number="26" hits="1"/>
					</lines>
				</class>
				<class name="io_yaml.py" filename="core/io/io_yaml.py" complexity="0" line-rate="1" branch-rate="1">
					<methods/>
					<lines>
						<line number="7" hits="1"/>
						<line number="9" hits="1"/>
						<line number="12" hits="1"/>
						<line number="18" hits="1"/>
						<line number="19" hits="1"/>
						<line number="21" hits="1"/>
					</lines>
				</class>
			</classes>
		</package>
		<package name="core.plot" line-rate="0.2895" branch-rate="1" complexity="0">
			<classes>
				<class name="__init__.py" filename="core/plot/__init__.py" complexity="0" line-rate="1" branch-rate="1">
					<methods/>
					<lines>
						<line number="12" hits="1"/>
						<line number="13" hits="1"/>
						<line number="15" hits="1"/>
					</lines>
				</class>
				<class name="evapotranspiration.py" filename="core/plot/evapotranspiration.py" complexity="0" line-rate="0.2667" branch-rate="1">
					<methods/>
					<lines>
						<line number="3" hits="1"/>
						<line number="4" hits="1"/>
						<line number="5" hits="1"/>
						<line number="8" hits="1"/>
						<line number="19" hits="0"/>
						<line number="21" hits="0"/>
						<line number="22" hits="0"/>
						<line number="23" hits="0"/>
						<line number="27" hits="0"/>
						<line number="28" hits="0"/>
						<line number="29" hits="0"/>
						<line number="31" hits="0"/>
						<line number="32" hits="0"/>
						<line number="33" hits="0"/>
						<line number="34" hits="0"/>
					</lines>
				</class>
				<class name="watercontent.py" filename="core/plot/watercontent.py" complexity="0" line-rate="0.2" branch-rate="1">
					<methods/>
					<lines>
						<line number="11" hits="1"/>
						<line number="12" hits="1"/>
						<line number="13" hits="1"/>
						<line number="16" hits="1"/>
						<line number="37" hits="0"/>
						<line number="39" hits="0"/>
						<line number="41" hits="0"/>
						<line number="42" hits="0"/>
						<line number="43" hits="0"/>
						<line number="45" hits="0"/>
						<line number="46" hits="0"/>
						<line number="48" hits="0"/>
						<line number="49" hits="0"/>
						<line number="50" hits="0"/>
						<line number="51" hits="0"/>
						<line number="52" hits="0"/>
						<line number="54" hits="0"/>
						<line number="56" hits="0"/>
						<line number="58" hits="0"/>
						<line number="59" hits="0"/>
					</lines>
				</class>
			</classes>
		</package>
		<package name="db" line-rate="0.5992" branch-rate="0.3158" complexity="0">
			<classes>
				<class name="__init__.py" filename="db/__init__.py" complexity="0" line-rate="1" branch-rate="1">
					<methods/>
					<lines>
						<line number="26" hits="1"/>
						<line number="27" hits="1"/>
						<line number="28" hits="1"/>
						<line number="30" hits="1"/>
					</lines>
				</class>
				<class name="co2concentration.py" filename="db/co2concentration.py" complexity="0" line-rate="1" branch-rate="1">
					<methods/>
					<lines>
						<line number="1" hits="1"/>
						<line number="2" hits="1"/>
						<line number="4" hits="1"/>
						<line number="5" hits="1"/>
						<line number="6" hits="1"/>
						<line number="9" hits="1"/>
						<line number="10" hits="1"/>
						<line number="11" hits="1"/>
						<line number="13" hits="1"/>
						<line number="21" hits="1"/>
						<line number="29" hits="1"/>
						<line number="32" hits="1"/>
						<line number="34" hits="1"/>
						<line number="36" hits="1"/>
						<line number="39" hits="1"/>
						<line number="42" hits="1"/>
						<line number="50" hits="1"/>
					</lines>
				</class>
				<class name="cropdb.py" filename="db/cropdb.py" complexity="0" line-rate="0.8478" branch-rate="1">
					<methods/>
					<lines>
						<line number="12" hits="1"/>
						<line number="13" hits="1"/>
						<line number="15" hits="1"/>
						<line number="17" hits="1"/>
						<line number="18" hits="1"/>
						<line number="21" hits="1"/>
						<line number="38" hits="1"/>
						<line number="40" hits="1"/>
						<line number="41" hits="1"/>
						<line number="43" hits="0"/>
						<line number="45" hits="1"/>
						<line number="46" hits="1"/>
						<line number="47" hits="0"/>
						<line number="49" hits="1"/>
						<line number="50" hits="1"/>
						<line number="53" hits="0"/>
						<line number="55" hits="1"/>
						<line number="56" hits="1"/>
						<line number="59" hits="0"/>
						<line number="61" hits="1"/>
						<line number="62" hits="1"/>
						<line number="63" hits="0"/>
						<line number="65" hits="1"/>
						<line number="66" hits="1"/>
						<line number="71" hits="1"/>
						<line number="82" hits="1"/>
						<line number="84" hits="1"/>
						<line number="85" hits="1"/>
						<line number="86" hits="1"/>
						<line number="91" hits="1"/>
						<line number="93" hits="1"/>
						<line number="94" hits="1"/>
						<line number="95" hits="0"/>
						<line number="97" hits="1"/>
						<line number="98" hits="1"/>
						<line number="107" hits="1"/>
						<line number="114" hits="1"/>
						<line number="117" hits="1"/>
						<line number="138" hits="1"/>
						<line number="140" hits="1"/>
						<line number="141" hits="1"/>
						<line number="143" hits="0"/>
						<line number="145" hits="1"/>
						<line number="147" hits="1"/>
						<line number="152" hits="1"/>
						<line number="155" hits="1"/>
					</lines>
				</class>
				<class name="dutchsoilprofiles.py" filename="db/dutchsoilprofiles.py" complexity="0" line-rate="0.8889" branch-rate="0.9167">
					<methods/>
					<lines>
						<line number="3" hits="1"/>
						<line number="4" hits="1"/>
						<line number="5" hits="1"/>
						<line number="6" hits="1"/>
						<line number="8" hits="1"/>
						<line number="9" hits="1"/>
						<line number="10" hits="1"/>
						<line number="13" hits="1"/>
						<line number="21" hits="1"/>
						<line number="22" hits="1"/>
						<line number="23" hits="1"/>
						<line number="25" hits="1"/>
						<line number="28" hits="0"/>
						<line number="29" hits="0"/>
						<line number="31" hits="1"/>
						<line number="61" hits="1"/>
						<line number="64" hits="1"/>
						<line number="67" hits="1"/>
						<line number="70" hits="1"/>
						<line number="73" hits="1"/>
						<line number="74" hits="1"/>
						<line number="77" hits="1"/>
						<line number="79" hits="1"/>
						<line number="82" hits="1"/>
						<line number="87" hits="1"/>
						<line number="90" hits="1"/>
						<line number="98" hits="1"/>
						<line number="100" hits="1"/>
						<line number="118" hits="1"/>
						<line number="133" hits="1"/>
						<line number="134" hits="1"/>
						<line number="137" hits="1"/>
						<line number="140" hits="1"/>
						<line number="142" hits="1"/>
						<line number="143" hits="0"/>
						<line number="145" hits="1"/>
						<line number="149" hits="0"/>
						<line number="152" hits="1"/>
						<line number="153" hits="1"/>
						<line number="172" hits="1" branch="true" condition-coverage="50% (1/2)" missing-branches="173"/>
						<line number="173" hits="0"/>
						<line number="174" hits="0"/>
						<line number="177" hits="1"/>
						<line number="183" hits="1"/>
						<line number="186" hits="1"/>
						<line number="192" hits="1"/>
						<line number="200" hits="1"/>
						<line number="203" hits="1"/>
						<line number="204" hits="1" branch="true" condition-coverage="100% (2/2)"/>
						<line number="210" hits="1"/>
						<line number="212" hits="1" branch="true" condition-coverage="100% (2/2)"/>
						<line number="214" hits="1" branch="true" condition-coverage="100% (2/2)"/>
						<line number="216" hits="1"/>
						<line number="218" hits="1" branch="true" condition-coverage="100% (2/2)"/>
						<line number="219" hits="1"/>
						<line number="220" hits="1"/>
						<line number="221" hits="1"/>
						<line number="224" hits="1" branch="true" condition-coverage="100% (2/2)"/>
						<line number="225" hits="1"/>
						<line number="228" hits="1"/>
						<line number="230" hits="1"/>
						<line number="232" hits="1"/>
						<line number="233" hits="0"/>
					</lines>
				</class>
				<class name="hdf5.py" filename="db/hdf5.py" complexity="0" line-rate="0.243" branch-rate="0.03846">
					<methods/>
					<lines>
						<line number="19" hits="1"/>
						<line number="20" hits="1"/>
						<line number="21" hits="1"/>
						<line number="23" hits="1"/>
						<line number="24" hits="1"/>
						<line number="25" hits="1"/>
						<line number="27" hits="1" branch="true" condition-coverage="50% (1/2)" missing-branches="28"/>
						<line number="28" hits="0"/>
						<line number="29" hits="0"/>
						<line number="31" hits="1"/>
						<line number="34" hits="1"/>
						<line number="48" hits="1"/>
						<line number="49" hits="1"/>
						<line number="51" hits="1"/>
						<line number="52" hits="1"/>
						<line number="54" hits="0"/>
						<line number="55" hits="0"/>
						<line number="56" hits="0"/>
						<line number="58" hits="1"/>
						<line number="59" hits="1"/>
						<line number="61" hits="0"/>
						<line number="63" hits="0"/>
						<line number="64" hits="0"/>
						<line number="66" hits="1"/>
						<line number="67" hits="1"/>
						<line number="69" hits="0"/>
						<line number="71" hits="1"/>
						<line number="93" hits="0"/>
						<line number="95" hits="0" branch="true" condition-coverage="0% (0/2)" missing-branches="96,99"/>
						<line number="96" hits="0"/>
						<line number="99" hits="0"/>
						<line number="100" hits="0"/>
						<line number="103" hits="0"/>
						<line number="106" hits="0" branch="true" condition-coverage="0% (0/2)" missing-branches="107,110"/>
						<line number="107" hits="0"/>
						<line number="110" hits="0" branch="true" condition-coverage="0% (0/2)" missing-branches="111,115"/>
						<line number="111" hits="0"/>
						<line number="112" hits="0" branch="true" condition-coverage="0% (0/2)" missing-branches="exit,113"/>
						<line number="113" hits="0"/>
						<line number="115" hits="0"/>
						<line number="117" hits="1"/>
						<line number="140" hits="0"/>
						<line number="142" hits="0"/>
						<line number="144" hits="0" branch="true" condition-coverage="0% (0/2)" missing-branches="145,149"/>
						<line number="145" hits="0"/>
						<line number="146" hits="0"/>
						<line number="149" hits="0"/>
						<line number="151" hits="0" branch="true" condition-coverage="0% (0/2)" missing-branches="153,167"/>
						<line number="153" hits="0" branch="true" condition-coverage="0% (0/2)" missing-branches="154,160"/>
						<line number="154" hits="0" branch="true" condition-coverage="0% (0/2)" missing-branches="155,171"/>
						<line number="155" hits="0"/>
						<line number="160" hits="0" branch="true" condition-coverage="0% (0/2)" missing-branches="161,163"/>
						<line number="161" hits="0"/>
						<line number="162" hits="0"/>
						<line number="163" hits="0"/>
						<line number="167" hits="0"/>
						<line number="168" hits="0"/>
						<line number="171" hits="0"/>
						<line number="172" hits="0"/>
						<line number="174" hits="1"/>
						<line number="188" hits="0"/>
						<line number="189" hits="0" branch="true" condition-coverage="0% (0/2)" missing-branches="190,195"/>
						<line number="190" hits="0"/>
						<line number="191" hits="0"/>
						<line number="192" hits="0"/>
						<line number="193" hits="0"/>
						<line number="195" hits="0"/>
						<line number="196" hits="0"/>
						<line number="197" hits="0"/>
						<line number="198" hits="0"/>
						<line number="202" hits="1"/>
						<line number="204" hits="0" branch="true" condition-coverage="0% (0/2)" missing-branches="exit,205"/>
						<line number="205" hits="0"/>
						<line number="206" hits="0"/>
						<line number="207" hits="0"/>
						<line number="208" hits="0"/>
						<line number="209" hits="0"/>
						<line number="211" hits="1"/>
						<line number="213" hits="0"/>
						<line number="214" hits="0"/>
						<line number="215" hits="0"/>
						<line number="216" hits="0"/>
						<line number="217" hits="0"/>
						<line number="219" hits="1"/>
						<line number="222" hits="1"/>
						<line number="224" hits="0"/>
						<line number="225" hits="0"/>
						<line number="226" hits="0"/>
						<line number="227" hits="0"/>
						<line number="228" hits="0"/>
						<line number="229" hits="0"/>
						<line number="233" hits="1"/>
						<line number="235" hits="0"/>
						<line number="236" hits="0"/>
						<line number="238" hits="1"/>
						<line number="252" hits="0"/>
						<line number="254" hits="0"/>
						<line number="255" hits="0"/>
						<line number="258" hits="0"/>
						<line number="260" hits="0" branch="true" condition-coverage="0% (0/2)" missing-branches="261,264"/>
						<line number="261" hits="0"/>
						<line number="262" hits="0"/>
						<line number="264" hits="0"/>
						<line number="265" hits="0"/>
						<line number="266" hits="0"/>
						<line number="267" hits="0"/>
						<line number="268" hits="0"/>
					</lines>
				</class>
			</classes>
		</package>
		<package name="gis" line-rate="0.9286" branch-rate="1" complexity="0">
			<classes>
				<class name="__init__.py" filename="gis/__init__.py" complexity="0" line-rate="1" branch-rate="1">
					<methods/>
					<lines>
						<line number="10" hits="1"/>
						<line number="12" hits="1"/>
					</lines>
				</class>
				<class name="location.py" filename="gis/location.py" complexity="0" line-rate="0.9231" branch-rate="1">
					<methods/>
					<lines>
						<line number="9" hits="1"/>
						<line number="11" hits="1"/>
						<line number="12" hits="1"/>
						<line number="13" hits="1"/>
						<line number="15" hits="1"/>
						<line number="18" hits="1"/>
						<line number="37" hits="1"/>
						<line number="38" hits="1"/>
						<line number="39" hits="1"/>
						<line number="40" hits="1"/>
						<line number="42" hits="1"/>
						<line number="43" hits="1"/>
						<line number="45" hits="0"/>
						<line number="47" hits="1"/>
						<line number="48" hits="1"/>
						<line number="49" hits="1"/>
						<line number="50" hits="1"/>
						<line number="51" hits="1"/>
						<line number="52" hits="1"/>
						<line number="53" hits="1"/>
						<line number="55" hits="0"/>
						<line number="57" hits="1"/>
						<line number="67" hits="1"/>
						<line number="69" hits="1"/>
						<line number="71" hits="1"/>
						<line number="73" hits="1"/>
					</lines>
				</class>
			</classes>
		</package>
		<package name="libs" line-rate="1" branch-rate="1" complexity="0">
			<classes>
				<class name="__init__.py" filename="libs/__init__.py" complexity="0" line-rate="1" branch-rate="1">
					<methods/>
					<lines>
						<line number="23" hits="1"/>
						<line number="24" hits="1"/>
						<line number="26" hits="1"/>
						<line number="27" hits="1"/>
						<line number="29" hits="1"/>
						<line number="30" hits="1"/>
						<line number="32" hits="1"/>
						<line number="33" hits="1"/>
						<line number="35" hits="1"/>
						<line number="36" hits="1"/>
						<line number="38" hits="1"/>
						<line number="39" hits="1"/>
						<line number="41" hits="1"/>
						<line number="42" hits="1"/>
						<line number="44" hits="1"/>
						<line number="45" hits="1"/>
						<line number="47" hits="1"/>
						<line number="50" hits="1"/>
						<line number="52" hits="1"/>
					</lines>
				</class>
			</classes>
		</package>
		<package name="model" line-rate="0.6226" branch-rate="0.371" complexity="0">
			<classes>
				<class name="model.py" filename="model/model.py" complexity="0" line-rate="0.6234" branch-rate="0.3966">
					<methods/>
					<lines>
						<line number="28" hits="1"/>
						<line number="30" hits="1"/>
						<line number="31" hits="1"/>
						<line number="32" hits="1"/>
						<line number="33" hits="1"/>
						<line number="34" hits="1"/>
						<line number="35" hits="1"/>
						<line number="36" hits="1"/>
						<line number="37" hits="1"/>
						<line number="39" hits="1"/>
						<line number="40" hits="1"/>
						<line number="42" hits="1"/>
						<line number="43" hits="1"/>
						<line number="44" hits="1"/>
						<line number="45" hits="1"/>
						<line number="46" hits="1"/>
						<line number="47" hits="1"/>
						<line number="48" hits="1"/>
						<line number="49" hits="1"/>
						<line number="56" hits="1"/>
						<line number="57" hits="1"/>
						<line number="58" hits="1"/>
						<line number="59" hits="1"/>
						<line number="60" hits="1"/>
						<line number="61" hits="1"/>
						<line number="62" hits="1"/>
						<line number="68" hits="1"/>
						<line number="69" hits="1"/>
						<line number="71" hits="1"/>
						<line number="73" hits="1"/>
						<line number="76" hits="1"/>
						<line number="89" hits="1"/>
						<line number="90" hits="1"/>
						<line number="91" hits="1"/>
						<line number="93" hits="1"/>
						<line number="95" hits="1" branch="true" condition-coverage="50% (1/2)" missing-branches="96"/>
						<line number="96" hits="0"/>
						<line number="97" hits="0"/>
						<line number="100" hits="1" branch="true" condition-coverage="50% (1/2)" missing-branches="101"/>
						<line number="101" hits="0"/>
						<line number="102" hits="0"/>
						<line number="107" hits="1" branch="true" condition-coverage="50% (1/2)" missing-branches="113"/>
						<line number="108" hits="1"/>
						<line number="109" hits="1"/>
						<line number="113" hits="0"/>
						<line number="114" hits="0"/>
						<line number="116" hits="1"/>
						<line number="118" hits="1"/>
						<line number="120" hits="0"/>
						<line number="122" hits="0"/>
						<line number="123" hits="0" branch="true" condition-coverage="0% (0/2)" missing-branches="124,125"/>
						<line number="124" hits="0"/>
						<line number="125" hits="0" branch="true" condition-coverage="0% (0/2)" missing-branches="126,127"/>
						<line number="126" hits="0"/>
						<line number="127" hits="0" branch="true" condition-coverage="0% (0/2)" missing-branches="128,129"/>
						<line number="128" hits="0"/>
						<line number="129" hits="0" branch="true" condition-coverage="0% (0/2)" missing-branches="130,131"/>
						<line number="130" hits="0"/>
						<line number="131" hits="0" branch="true" condition-coverage="0% (0/2)" missing-branches="132,134"/>
						<line number="132" hits="0"/>
						<line number="134" hits="0"/>
						<line number="136" hits="1"/>
						<line number="138" hits="1"/>
						<line number="140" hits="1"/>
						<line number="142" hits="1" branch="true" condition-coverage="50% (1/2)" missing-branches="144"/>
						<line number="143" hits="1"/>
						<line number="144" hits="1" branch="true" condition-coverage="50% (1/2)" missing-branches="159"/>
						<line number="145" hits="1"/>
						<line number="147" hits="1"/>
						<line number="152" hits="1" branch="true" condition-coverage="100% (2/2)"/>
						<line number="153" hits="1"/>
						<line number="154" hits="1"/>
						<line number="158" hits="1"/>
						<line number="159" hits="1" branch="true" condition-coverage="50% (1/2)" missing-branches="161"/>
						<line number="160" hits="1"/>
						<line number="161" hits="1" branch="true" condition-coverage="50% (1/2)" missing-branches="162"/>
						<line number="162" hits="0"/>
						<line number="163" hits="1" branch="true" condition-coverage="100% (2/2)"/>
						<line number="164" hits="1"/>
						<line number="166" hits="1"/>
						<line number="169" hits="1"/>
						<line number="184" hits="1"/>
						<line number="185" hits="1"/>
						<line number="187" hits="1"/>
						<line number="188" hits="1"/>
						<line number="198" hits="1"/>
						<line number="199" hits="1"/>
						<line number="206" hits="1"/>
						<line number="208" hits="1"/>
						<line number="210" hits="1"/>
						<line number="217" hits="0" branch="true" condition-coverage="0% (0/2)" missing-branches="exit,218"/>
						<line number="218" hits="0"/>
						<line number="220" hits="1"/>
						<line number="236" hits="1"/>
						<line number="237" hits="1"/>
						<line number="238" hits="1"/>
						<line number="240" hits="1"/>
						<line number="242" hits="1" branch="true" condition-coverage="50% (1/2)" missing-branches="246"/>
						<line number="243" hits="1"/>
						<line number="244" hits="1"/>
						<line number="246" hits="0"/>
						<line number="249" hits="0"/>
						<line number="251" hits="0"/>
						<line number="253" hits="0"/>
						<line number="254" hits="0"/>
						<line number="256" hits="0"/>
						<line number="257" hits="0"/>
						<line number="259" hits="0" branch="true" condition-coverage="0% (0/2)" missing-branches="260,262"/>
						<line number="260" hits="0"/>
						<line number="262" hits="0" branch="true" condition-coverage="0% (0/2)" missing-branches="263,266"/>
						<line number="263" hits="0"/>
						<line number="264" hits="0"/>
						<line number="266" hits="0" branch="true" condition-coverage="0% (0/2)" missing-branches="267,270"/>
						<line number="267" hits="0"/>
						<line number="268" hits="0"/>
						<line number="270" hits="0"/>
						<line number="272" hits="0"/>
						<line number="273" hits="0"/>
						<line number="276" hits="1"/>
						<line number="291" hits="1"/>
						<line number="292" hits="0"/>
						<line number="293" hits="0"/>
						<line number="295" hits="1"/>
						<line number="308" hits="0"/>
						<line number="309" hits="0"/>
						<line number="310" hits="0"/>
						<line number="316" hits="0"/>
						<line number="318" hits="0" branch="true" condition-coverage="0% (0/2)" missing-branches="319,322"/>
						<line number="319" hits="0"/>
						<line number="320" hits="0"/>
						<line number="322" hits="0"/>
						<line number="323" hits="0"/>
						<line number="325" hits="0"/>
						<line number="327" hits="1"/>
						<line number="340" hits="0"/>
						<line number="344" hits="0" branch="true" condition-coverage="0% (0/2)" missing-branches="345,348"/>
						<line number="345" hits="0"/>
						<line number="346" hits="0"/>
						<line number="348" hits="0" branch="true" condition-coverage="0% (0/2)" missing-branches="349,352"/>
						<line number="349" hits="0"/>
						<line number="350" hits="0"/>
						<line number="352" hits="0"/>
						<line number="354" hits="0"/>
						<line number="355" hits="0"/>
						<line number="357" hits="0"/>
						<line number="359" hits="1"/>
						<line number="360" hits="1"/>
						<line number="371" hits="0"/>
						<line number="372" hits="0"/>
						<line number="375" hits="0"/>
						<line number="377" hits="1"/>
						<line number="388" hits="0"/>
						<line number="394" hits="0"/>
						<line number="395" hits="0"/>
						<line number="397" hits="0" branch="true" condition-coverage="0% (0/2)" missing-branches="398,402"/>
						<line number="398" hits="0"/>
						<line number="401" hits="0"/>
						<line number="402" hits="0"/>
						<line number="405" hits="1"/>
						<line number="438" hits="1"/>
						<line number="439" hits="1"/>
						<line number="441" hits="1"/>
						<line number="442" hits="1"/>
						<line number="443" hits="1"/>
						<line number="444" hits="1"/>
						<line number="447" hits="1"/>
						<line number="450" hits="1"/>
						<line number="451" hits="1"/>
						<line number="452" hits="1"/>
						<line number="455" hits="1"/>
						<line number="456" hits="1"/>
						<line number="457" hits="1"/>
						<line number="458" hits="1"/>
						<line number="459" hits="1"/>
						<line number="462" hits="1"/>
						<line number="463" hits="1"/>
						<line number="464" hits="1"/>
						<line number="465" hits="1"/>
						<line number="469" hits="1"/>
						<line number="470" hits="1"/>
						<line number="477" hits="1"/>
						<line number="479" hits="1"/>
						<line number="480" hits="1"/>
						<line number="483" hits="1" branch="true" condition-coverage="100% (2/2)"/>
						<line number="484" hits="1"/>
						<line number="486" hits="1"/>
						<line number="504" hits="1"/>
						<line number="508" hits="1" branch="true" condition-coverage="50% (1/2)" missing-branches="509"/>
						<line number="509" hits="0"/>
						<line number="510" hits="0"/>
						<line number="513" hits="1" branch="true" condition-coverage="100% (2/2)"/>
						<line number="514" hits="1"/>
						<line number="516" hits="1"/>
						<line number="518" hits="1"/>
						<line number="519" hits="1"/>
						<line number="522" hits="1" branch="true" condition-coverage="100% (2/2)"/>
						<line number="523" hits="1"/>
						<line number="525" hits="1" branch="true" condition-coverage="100% (2/2)"/>
						<line number="526" hits="1"/>
						<line number="527" hits="1" branch="true" condition-coverage="100% (2/2)"/>
						<line number="528" hits="1"/>
						<line number="529" hits="1"/>
						<line number="531" hits="1"/>
						<line number="533" hits="1"/>
						<line number="540" hits="1"/>
						<line number="541" hits="1"/>
						<line number="542" hits="1"/>
						<line number="544" hits="1"/>
						<line number="545" hits="1"/>
						<line number="547" hits="1"/>
						<line number="553" hits="1"/>
						<line number="555" hits="1"/>
[...]
						<line number="143" hits="1"/>
						<line number="155" hits="1"/>
						<line number="170" hits="1"/>
						<line number="179" hits="1"/>
						<line number="185" hits="1"/>
						<line number="186" hits="1"/>
						<line number="187" hits="1"/>
						<line number="189" hits="1"/>
						<line number="208" hits="1"/>
						<line number="210" hits="1"/>
						<line number="221" hits="1"/>
						<line number="230" hits="1"/>
						<line number="242" hits="1"/>
						<line number="247" hits="1"/>
						<line number="252" hits="1"/>
						<line number="257" hits="1"/>
						<line number="261" hits="1"/>
						<line number="266" hits="1"/>
						<line number="271" hits="1"/>
						<line number="276" hits="1"/>
						<line number="281" hits="1"/>
						<line number="286" hits="1"/>
						<line number="291" hits="1"/>
						<line number="296" hits="1"/>
						<line number="301" hits="1"/>
						<line number="306" hits="1"/>
						<line number="348" hits="1"/>
						<line number="352" hits="1"/>
						<line number="363" hits="1"/>
						<line number="365" hits="1"/>
						<line number="367" hits="1"/>
						<line number="369" hits="1"/>
						<line number="374" hits="1"/>
						<line number="379" hits="1"/>
						<line number="392" hits="1"/>
						<line number="394" hits="1"/>
						<line number="408" hits="1"/>
						<line number="415" hits="1"/>
						<line number="422" hits="1"/>
						<line number="426" hits="1"/>
						<line number="433" hits="1"/>
						<line number="437" hits="1"/>
						<line number="441" hits="1"/>
						<line number="442" hits="1"/>
						<line number="446" hits="1"/>
						<line number="450" hits="1"/>
						<line number="454" hits="1"/>
						<line number="458" hits="1"/>
						<line number="462" hits="1"/>
						<line number="470" hits="1"/>
						<line number="483" hits="1"/>
						<line number="492" hits="1"/>
						<line number="496" hits="1"/>
						<line number="510" hits="1"/>
						<line number="512" hits="1"/>
						<line number="516" hits="1"/>
						<line number="518" hits="1"/>
						<line number="520" hits="1"/>
					</lines>
				</class>
				<class name="load_dataset.py" filename="testcase/load_dataset.py" complexity="0" line-rate="0.8125" branch-rate="1">
					<methods/>
					<lines>
						<line number="3" hits="1"/>
						<line number="4" hits="1"/>
						<line number="6" hits="1"/>
						<line number="8" hits="1"/>
						<line number="10" hits="1"/>
						<line number="12" hits="1"/>
						<line number="35" hits="1"/>
						<line number="36" hits="0"/>
						<line number="39" hits="1"/>
						<line number="40" hits="1"/>
						<line number="43" hits="1"/>
						<line number="44" hits="1"/>
						<line number="45" hits="1"/>
						<line number="48" hits="1"/>
						<line number="49" hits="0"/>
						<line number="50" hits="0"/>
					</lines>
				</class>
				<class name="macroporeflow.py" filename="testcase/macroporeflow.py" complexity="0" line-rate="0.5" branch-rate="1">
					<methods/>
					<lines>
						<line number="1" hits="1"/>
						<line number="2" hits="0"/>
					</lines>
				</class>
				<class name="oxygenstress.py" filename="testcase/oxygenstress.py" complexity="0" line-rate="0.5" branch-rate="1">
					<methods/>
					<lines>
						<line number="1" hits="1"/>
						<line number="2" hits="0"/>
					</lines>
				</class>
				<class name="run_testcase.py" filename="testcase/run_testcase.py" complexity="0" line-rate="1" branch-rate="1">
					<methods/>
					<lines>
						<line number="1" hits="1"/>
						<line number="3" hits="1"/>
						<line number="4" hits="1"/>
						<line number="5" hits="1"/>
						<line number="6" hits="1"/>
						<line number="7" hits="1"/>
						<line number="8" hits="1"/>
						<line number="9" hits="1"/>
						<line number="12" hits="1"/>
						<line number="23" hits="1"/>
						<line number="33" hits="1"/>
					</lines>
				</class>
				<class name="salinitystress.py" filename="testcase/salinitystress.py" complexity="0" line-rate="0.5" branch-rate="1">
					<methods/>
					<lines>
						<line number="1" hits="1"/>
						<line number="2" hits="0"/>
					</lines>
				</class>
				<class name="simple_test_model.py" filename="testcase/simple_test_model.py" complexity="0" line-rate="0.8929" branch-rate="0.5">
					<methods/>
					<lines>
						<line number="1" hits="1"/>
						<line number="4" hits="1"/>
						<line number="6" hits="1"/>
						<line number="10" hits="1"/>
						<line number="17" hits="1"/>
						<line number="20" hits="1"/>
						<line number="38" hits="1"/>
						<line number="40" hits="1"/>
						<line number="52" hits="1"/>
						<line number="56" hits="1"/>
						<line number="63" hits="1"/>
						<line number="77" hits="1"/>
						<line number="80" hits="1"/>
						<line number="84" hits="1"/>
						<line number="87" hits="1"/>
						<line number="94" hits="1"/>
						<line number="97" hits="1"/>
						<line number="103" hits="1"/>
						<line number="107" hits="1"/>
						<line number="108" hits="1"/>
						<line number="111" hits="1"/>
						<line number="116" hits="1"/>
						<line number="123" hits="1"/>
						<line number="126" hits="1"/>
						<line number="130" hits="1"/>
						<line number="134" hits="1"/>
						<line number="139" hits="1"/>
						<line number="142" hits="1"/>
						<line number="148" hits="1"/>
						<line number="154" hits="1"/>
						<line number="160" hits="1"/>
						<line number="166" hits="1"/>
						<line number="184" hits="1"/>
						<line number="193" hits="1"/>
						<line number="203" hits="1"/>
						<line number="209" hits="1"/>
						<line number="219" hits="1"/>
						<line number="232" hits="1"/>
						<line number="238" hits="1"/>
						<line number="242" hits="1"/>
						<line number="248" hits="1"/>
						<line number="259" hits="1"/>
						<line number="271" hits="1"/>
						<line number="275" hits="1"/>
						<line number="279" hits="1"/>
						<line number="287" hits="1"/>
						<line number="292" hits="1"/>
						<line number="300" hits="1"/>
						<line number="302" hits="1"/>
						<line number="305" hits="1" branch="true" condition-coverage="50% (1/2)" missing-branches="306"/>
						<line number="306" hits="0"/>
						<line number="307" hits="0"/>
						<line number="308" hits="0"/>
						<line number="309" hits="0"/>
						<line number="310" hits="0"/>
						<line number="311" hits="0"/>
					</lines>
				</class>
				<class name="surfacewater.py" filename="testcase/surfacewater.py" complexity="0" line-rate="0.5" branch-rate="1">
					<methods/>
					<lines>
						<line number="1" hits="1"/>
						<line number="2" hits="0"/>
					</lines>
				</class>
				<class name="testmodel_complex.py" filename="testcase/testmodel_complex.py" complexity="0" line-rate="0" branch-rate="0">
					<methods/>
					<lines>
						<line number="1" hits="0"/>
						<line number="3" hits="0"/>
						<line number="6" hits="0"/>
						<line number="8" hits="0"/>
						<line number="12" hits="0"/>
						<line number="19" hits="0"/>
						<line number="22" hits="0"/>
						<line number="40" hits="0"/>
						<line number="42" hits="0"/>
						<line number="54" hits="0"/>
						<line number="58" hits="0"/>
						<line number="65" hits="0"/>
						<line number="79" hits="0"/>
						<line number="82" hits="0"/>
						<line number="86" hits="0"/>
						<line number="89" hits="0"/>
						<line number="96" hits="0"/>
						<line number="99" hits="0"/>
						<line number="105" hits="0"/>
						<line number="109" hits="0"/>
						<line number="110" hits="0"/>
						<line number="113" hits="0"/>
						<line number="118" hits="0"/>
						<line number="125" hits="0"/>
						<line number="128" hits="0"/>
						<line number="132" hits="0"/>
						<line number="136" hits="0"/>
						<line number="173" hits="0"/>
						<line number="179" hits="0"/>
						<line number="185" hits="0"/>
						<line number="186" hits="0"/>
						<line number="191" hits="0"/>
						<line number="216" hits="0"/>
						<line number="237" hits="0"/>
						<line number="274" hits="0"/>
						<line number="284" hits="0"/>
						<line number="290" hits="0"/>
						<line number="296" hits="0"/>
						<line number="299" hits="0"/>
						<line number="310" hits="0"/>
						<line number="323" hits="0"/>
						<line number="329" hits="0"/>
						<line number="333" hits="0"/>
						<line number="339" hits="0"/>
						<line number="350" hits="0"/>
						<line number="362" hits="0"/>
						<line number="366" hits="0"/>
						<line number="370" hits="0"/>
						<line number="378" hits="0"/>
						<line number="383" hits="0"/>
						<line number="391" hits="0"/>
						<line number="393" hits="0"/>
						<line number="396" hits="0" branch="true" condition-coverage="0% (0/2)" missing-branches="exit,397"/>
						<line number="397" hits="0"/>
						<line number="398" hits="0"/>
						<line number="399" hits="0"/>
					</lines>
				</class>
			</classes>
		</package>
		<package name="utils" line-rate="0.9394" branch-rate="0.8788" complexity="0">
			<classes>
				<class name="loaders.py" filename="utils/loaders.py" complexity="0" line-rate="0.9661" branch-rate="0.8">
					<methods/>
					<lines>
						<line number="6" hits="1"/>
						<line number="7" hits="1"/>
						<line number="8" hits="1"/>
						<line number="10" hits="1"/>
						<line number="11" hits="1"/>
						<line number="12" hits="1"/>
						<line number="27" hits="1"/>
						<line number="28" hits="1"/>
						<line number="29" hits="1"/>
						<line number="30" hits="1"/>
						<line number="31" hits="1"/>
						<line number="38" hits="1"/>
						<line number="39" hits="1"/>
						<line number="40" hits="1"/>
						<line number="41" hits="1"/>
						<line number="42" hits="1"/>
						<line number="49" hits="1"/>
						<line number="52" hits="1"/>
						<line number="54" hits="1"/>
						<line number="55" hits="1"/>
						<line number="56" hits="1"/>
						<line number="57" hits="1"/>
						<line number="58" hits="1"/>
						<line number="60" hits="1"/>
						<line number="62" hits="1"/>
						<line number="65" hits="1"/>
						<line number="77" hits="1"/>
						<line number="79" hits="1"/>
						<line number="84" hits="1"/>
						<line number="89" hits="1"/>
						<line number="106" hits="1" branch="true" condition-coverage="100% (2/2)"/>
						<line number="107" hits="1"/>
						<line number="109" hits="1"/>
						<line number="111" hits="1"/>
						<line number="114" hits="1"/>
						<line number="115" hits="1"/>
						<line number="117" hits="1"/>
						<line number="127" hits="1"/>
						<line number="132" hits="1"/>
						<line number="134" hits="1"/>
						<line number="135" hits="1"/>
						<line number="137" hits="1"/>
						<line number="140" hits="1"/>
						<line number="141" hits="1"/>
						<line number="143" hits="1"/>
						<line number="161" hits="1" branch="true" condition-coverage="100% (2/2)"/>
						<line number="162" hits="1" branch="true" condition-coverage="100% (2/2)"/>
						<line number="163" hits="1"/>
						<line number="164" hits="1" branch="true" condition-coverage="50% (1/2)" missing-branches="167"/>
						<line number="165" hits="1"/>
						<line number="167" hits="0"/>
						<line number="169" hits="1"/>
						<line number="171" hits="1"/>
						<line number="174" hits="1"/>
						<line number="181" hits="1"/>
						<line number="183" hits="1" branch="true" condition-coverage="50% (1/2)" missing-branches="184"/>
						<line number="184" hits="0"/>
						<line number="186" hits="1"/>
						<line number="188" hits="1"/>
					</lines>
				</class>
				<class name="mixins.py" filename="utils/mixins.py" complexity="0" line-rate="0.9157" branch-rate="0.8571">
					<methods/>
					<lines>
						<line number="30" hits="1"/>
						<line number="31" hits="1"/>
						<line number="33" hits="1"/>
						<line number="34" hits="1"/>
						<line number="36" hits="1"/>
						<line number="37" hits="1"/>
						<line number="39" hits="1"/>
						<line number="42" hits="1"/>
						<line number="55" hits="1"/>
						<line number="72" hits="1" branch="true" condition-coverage="50% (1/2)" missing-branches="73"/>
						<line number="73" hits="0"/>
						<line number="74" hits="0"/>
						<line number="76" hits="1"/>
						<line number="77" hits="1"/>
						<line number="79" hits="1"/>
						<line number="80" hits="1"/>
						<line number="82" hits="1"/>
						<line number="84" hits="1"/>
						<line number="87" hits="1"/>
						<line number="106" hits="1"/>
						<line number="118" hits="1"/>
						<line number="120" hits="1" branch="true" condition-coverage="100% (2/2)"/>
						<line number="121" hits="1"/>
						<line number="122" hits="1"/>
						<line number="124" hits="1"/>
						<line number="126" hits="1" branch="true" condition-coverage="100% (2/2)"/>
						<line number="127" hits="1"/>
						<line number="132" hits="1"/>
						<line number="133" hits="1"/>
						<line number="135" hits="1"/>
						<line number="146" hits="1"/>
						<line number="148" hits="1" branch="true" condition-coverage="100% (2/2)"/>
						<line number="149" hits="1"/>
						<line number="151" hits="1"/>
						<line number="155" hits="1" branch="true" condition-coverage="100% (2/2)"/>
						<line number="156" hits="1"/>
						<line number="158" hits="1"/>
						<line number="160" hits="1"/>
						<line number="161" hits="1"/>
						<line number="167" hits="1"/>
						<line number="168" hits="1"/>
						<line number="169" hits="1" branch="true" condition-coverage="100% (2/2)"/>
						<line number="170" hits="1" branch="true" condition-coverage="100% (2/2)"/>
						<line number="171" hits="1"/>
						<line number="173" hits="1"/>
						<line number="174" hits="1"/>
						<line number="176" hits="1"/>
						<line number="192" hits="1"/>
						<line number="196" hits="1" branch="true" condition-coverage="50% (1/2)" missing-branches="197"/>
						<line number="197" hits="0"/>
						<line number="199" hits="1"/>
						<line number="202" hits="1"/>
						<line number="217" hits="1"/>
						<line number="219" hits="1"/>
						<line number="220" hits="1"/>
						<line number="248" hits="1"/>
						<line number="250" hits="1" branch="true" condition-coverage="100% (2/2)"/>
						<line number="251" hits="1"/>
						<line number="253" hits="1"/>
						<line number="257" hits="1" branch="true" condition-coverage="50% (1/2)" missing-branches="258"/>
						<line number="258" hits="0"/>
						<line number="259" hits="0"/>
						<line number="261" hits="1"/>
						<line number="262" hits="1"/>
						<line number="272" hits="1" branch="true" condition-coverage="100% (2/2)"/>
						<line number="273" hits="1"/>
						<line number="275" hits="1"/>
						<line number="277" hits="1" branch="true" condition-coverage="100% (2/2)"/>
						<line number="278" hits="1"/>
						<line number="279" hits="1" branch="true" condition-coverage="100% (2/2)"/>
						<line number="280" hits="1"/>
						<line number="284" hits="1"/>
						<line number="285" hits="1"/>
						<line number="288" hits="1"/>
						<line number="295" hits="1"/>
						<line number="297" hits="1"/>
						<line number="302" hits="1" branch="true" condition-coverage="50% (1/2)" missing-branches="303"/>
						<line number="303" hits="0"/>
						<line number="304" hits="0"/>
						<line number="306" hits="1"/>
						<line number="307" hits="1"/>
						<line number="308" hits="1"/>
						<line number="309" hits="1"/>
					</lines>
				</class>
				<class name="old_swap.py" filename="utils/old_swap.py" complexity="0" line-rate="0.9438" branch-rate="0.9286">
					<methods/>
					<lines>
						<line number="7" hits="1"/>
						<line number="8" hits="1"/>
						<line number="10" hits="1"/>
						<line number="11" hits="1"/>
						<line number="13" hits="1"/>
						<line number="14" hits="1"/>
						<line number="17" hits="1"/>
						<line number="35" hits="1"/>
						<line number="37" hits="1"/>
						<line number="39" hits="1"/>
						<line number="42" hits="1"/>
						<line number="60" hits="1"/>
						<line number="61" hits="1"/>
						<line number="62" hits="1"/>
						<line number="63" hits="1"/>
						<line number="65" hits="1"/>
						<line number="66" hits="1"/>
						<line number="72" hits="1"/>
						<line number="73" hits="1"/>
						<line number="74" hits="1"/>
						<line number="76" hits="1"/>
						<line number="82" hits="1"/>
						<line number="84" hits="1"/>
						<line number="92" hits="1"/>
						<line number="94" hits="1"/>
						<line number="102" hits="1"/>
						<line number="103" hits="1" branch="true" condition-coverage="100% (2/2)"/>
						<line number="104" hits="1" branch="true" condition-coverage="100% (2/2)"/>
						<line number="105" hits="1"/>
						<line number="107" hits="1"/>
						<line number="108" hits="1"/>
						<line number="110" hits="1"/>
						<line number="112" hits="1" branch="true" condition-coverage="100% (2/2)"/>
						<line number="113" hits="1"/>
						<line number="115" hits="1" branch="true" condition-coverage="100% (2/2)"/>
						<line number="116" hits="1"/>
						<line number="118" hits="1" branch="true" condition-coverage="100% (2/2)"/>
						<line number="119" hits="1"/>
						<line number="120" hits="1"/>
						<line number="121" hits="1"/>
						<line number="124" hits="1"/>
						<line number="126" hits="1" branch="true" condition-coverage="100% (2/2)"/>
						<line number="127" hits="1"/>
						<line number="128" hits="1"/>
						<line number="131" hits="1"/>
						<line number="132" hits="1"/>
						<line number="134" hits="1"/>
						<line number="137" hits="1"/>
						<line number="143" hits="1"/>
						<line number="148" hits="1"/>
						<line number="151" hits="1"/>
						<line number="153" hits="1"/>
						<line number="154" hits="1"/>
						<line number="158" hits="1"/>
						<line number="161" hits="1"/>
						<line number="169" hits="1"/>
						<line number="172" hits="1"/>
						<line number="182" hits="1"/>
						<line number="183" hits="1"/>
						<line number="184" hits="1"/>
						<line number="185" hits="0"/>
						<line number="186" hits="0"/>
						<line number="187" hits="0"/>
						<line number="188" hits="0"/>
						<line number="190" hits="1"/>
						<line number="193" hits="1"/>
						<line number="202" hits="1"/>
						<line number="203" hits="1"/>
						<line number="205" hits="1" branch="true" condition-coverage="100% (2/2)"/>
						<line number="206" hits="1" branch="true" condition-coverage="50% (1/2)" missing-branches="207"/>
						<line number="207" hits="0"/>
						<line number="209" hits="1" branch="true" condition-coverage="50% (1/2)" missing-branches="205"/>
						<line number="210" hits="1" branch="true" condition-coverage="100% (2/2)"/>
						<line number="211" hits="1"/>
						<line number="214" hits="1"/>
						<line number="216" hits="1"/>
						<line number="219" hits="1"/>
						<line number="229" hits="1"/>
						<line number="230" hits="1"/>
						<line number="232" hits="1" branch="true" condition-coverage="100% (2/2)"/>
						<line number="233" hits="1" branch="true" condition-coverage="100% (2/2)"/>
						<line number="234" hits="1"/>
						<line number="235" hits="1" branch="true" condition-coverage="100% (2/2)"/>
						<line number="241" hits="1" branch="true" condition-coverage="100% (2/2)"/>
						<line number="242" hits="1"/>
						<line number="246" hits="1"/>
						<line number="249" hits="1"/>
						<line number="252" hits="1"/>
						<line number="254" hits="1"/>
					</lines>
				</class>
			</classes>
		</package>
	</packages>
</coverage>
